 Volume secure_software_assignment_co_keystore  Creating
 Volume secure_software_assignment_co_keystore  Created
 Container cauth-container  Running
 Container sp-container  Running
23:46:55 [P1_HONEST][INFO] Waiting for CAuth, SP, and HO to start...
23:47:07 [P1_HONEST][INFO] Car Owner (CO) starting
23:47:07 [P1_HONEST][INFO] No existing certificate, enrolling with CAuth
23:47:07 [P1_HONEST][INFO] Connecting to CAuth server at cauth:8443
23:47:09 [P1_HONEST][INFO] Certificate signed by CAuth
23:47:09 [P1_HONEST][INFO] Certificate received from CAuth
23:47:09 [P1_HONEST][AUDIT] CO IDENTITY subj=CarOwner issuer=CN=172.20.0.10,O=Private Parking,C=BE
23:47:09 [P1_HONEST][INFO] Discovering parking availabilities from SP
23:47:09 [P1_HONEST][INFO] Establishing mTLS connection to SP for discovery...
23:47:09 [P1_HONEST][AUDIT] mTLS to SP: TLSv1.3 TLS_AES_256_GCM_SHA384
23:47:09 [P1_HONEST][AUDIT] SP peer CN=ServiceProvider fp=BD1FDE1C8CB5E7F4
23:47:09 [P1_HONEST][INFO] Discovery success: 1 availability record(s)
23:47:09 [P1_HONEST][AUDIT] HO identity: CN=HomeOwner issuer=172.20.0.10
23:47:09 [P1_HONEST][INFO] HO identity bound: spot=SPOT-A1 CN=HomeOwner
23:47:09 [P1_HONEST][INFO] Availability discovery complete: all HO identities verified
23:47:09 [P1_HONEST][INFO] Requesting reservation from HO
23:47:09 [P1_HONEST][INFO] M2.4: Reservation handshake with HO
23:47:09 [P1_HONEST][AUDIT] mTLS to HO: TLSv1.3 TLS_AES_256_GCM_SHA384
23:47:09 [P1_HONEST][AUDIT] HO peer CN=HomeOwner fp=58C169422886A140
23:47:10 [P1_HONEST][INFO] Signature verified: RSA-2048/SHA256withRSA, HO=HomeOwner
23:47:10 [P1_HONEST][INFO] M3.2: Sending payment request to HO (using SP tokens)
23:47:10 [P1_HONEST][AUDIT] mTLS to SP: TLSv1.3 TLS_AES_256_GCM_SHA384
23:47:10 [P1_HONEST][AUDIT] SP peer CN=ServiceProvider fp=BD1FDE1C8CB5E7F4
23:47:10 [P1_HONEST][INFO] Token batch verified: 5 tokens, chainId=1b9adbb3-1098-4f71-a866-8b2e72a793d8
23:47:10 [P1_HONEST][INFO] Sending payment to HO
23:47:10 [P1_HONEST][AUDIT] PAYMENT ACCEPTED by HO
23:47:10 [P1_HONEST][INFO] Verifying payment finalization receipt
23:47:10 [P1_HONEST][INFO] Receipt verified & persisted: 2fb55c3b-d405-40f0-bf1d-2fe298dead55 tokens=5
23:47:10 [P1_HONEST][AUDIT] PAYMENT FINALITY established - SP-signed receipt verified
23:47:10 [P1_HONEST][INFO] Reservation complete: verdict=OK proof=37f0137e-8d93-48d7-9476-2636d21ec029
23:47:10 [P1_HONEST][INFO] CO completed successfully
