 Volume secure_software_assignment_co_keystore  Creating
 Volume secure_software_assignment_co_keystore  Created
 Container cauth-container  Running
 Container sp-container  Running
23:36:42 [P1_HONEST][INFO] Waiting for CAuth, SP, and HO to start...
23:36:54 [P1_HONEST][INFO] Car Owner (CO) starting
23:36:54 [P1_HONEST][INFO] No existing certificate, enrolling with CAuth
23:36:55 [P1_HONEST][INFO] Connecting to CAuth server at cauth:8443
23:36:55 [P1_HONEST][INFO] Certificate signed by CAuth
23:36:55 [P1_HONEST][INFO] Certificate received from CAuth
23:36:56 [P1_HONEST][AUDIT] CO IDENTITY subj=CarOwner issuer=CN=172.20.0.10,O=Private Parking,C=BE
23:36:56 [P1_HONEST][INFO] Discovering parking availabilities from SP
23:36:56 [P1_HONEST][INFO] Establishing mTLS connection to SP for discovery...
23:36:56 [P1_HONEST][AUDIT] mTLS to SP: TLSv1.3 TLS_AES_256_GCM_SHA384
23:36:56 [P1_HONEST][AUDIT] SP peer CN=ServiceProvider fp=5EFD1A5D4ADE624F
23:36:56 [P1_HONEST][INFO] Discovery success: 1 availability record(s)
23:36:56 [P1_HONEST][AUDIT] HO identity: CN=HomeOwner issuer=172.20.0.10
23:36:56 [P1_HONEST][INFO] HO identity bound: spot=SPOT-A1 CN=HomeOwner
23:36:56 [P1_HONEST][INFO] Availability discovery complete: all HO identities verified
23:36:56 [P1_HONEST][INFO] Requesting reservation from HO
23:36:56 [P1_HONEST][INFO] M2.4: Reservation handshake with HO
23:36:56 [P1_HONEST][AUDIT] mTLS to HO: TLSv1.3 TLS_AES_256_GCM_SHA384
23:36:56 [P1_HONEST][AUDIT] HO peer CN=HomeOwner fp=4C4703B6820F8497
23:36:56 [P1_HONEST][INFO] Signature verified: RSA-2048/SHA256withRSA, HO=HomeOwner
23:36:56 [P1_HONEST][INFO] M3.2: Sending payment request to HO (using SP tokens)
23:36:56 [P1_HONEST][AUDIT] mTLS to SP: TLSv1.3 TLS_AES_256_GCM_SHA384
23:36:56 [P1_HONEST][AUDIT] SP peer CN=ServiceProvider fp=5EFD1A5D4ADE624F
23:36:56 [P1_HONEST][INFO] Token batch verified: 5 tokens, chainId=c2150e0e-b868-49fc-8ebf-bb3f0bfc91dd
23:36:57 [P1_HONEST][INFO] Sending payment to HO
23:36:57 [P1_HONEST][AUDIT] PAYMENT ACCEPTED by HO
23:36:57 [P1_HONEST][INFO] Verifying payment finalization receipt
23:36:57 [P1_HONEST][INFO] Receipt verified & persisted: 8a4dbc02-dd9c-4a43-90e3-3177e1c5be4f tokens=5
23:36:57 [P1_HONEST][AUDIT] PAYMENT FINALITY established - SP-signed receipt verified
23:36:57 [P1_HONEST][INFO] Reservation complete: verdict=OK proof=2bb97d2b-b713-4d93-9b10-359d34574ce1
23:36:57 [P1_HONEST][INFO] CO completed successfully
