[SP][INFO][NONE] Waiting for CAuth to start...
[SP][INFO][NONE] 
=== Service Provider Starting ===
[SP][INFO][NONE] Initializing cryptographic baseline...

[SP][INFO][NONE] Found existing certificate, loading from keystore...
[SP][INFO][NONE] ...
[SP][INFO][NONE] ✓ Certificate chain loaded (3 certificates)
[SP][INFO][NONE] ...
[SP][INFO][NONE]   Validating certificate chain (3 certificates):
[SP][INFO][NONE]     [0] C=BE,O=Parking System,CN=ServiceProvider
[SP][INFO][NONE]         Issuer: CN=172.20.0.10,O=Private Parking,C=BE
[SP][INFO][NONE]         ...
[SP][INFO][NONE]     [1] CN=172.20.0.10,O=Private Parking,C=BE
[SP][INFO][NONE]         Issuer: CN=Root CA,O=National Authority,C=Country Code
[SP][INFO][NONE]         ...
[SP][INFO][NONE]     [2] CN=Root CA,O=National Authority,C=Country Code
[SP][INFO][NONE]         Issuer: CN=Root CA,O=National Authority,C=Country Code
[SP][INFO][NONE]   ✓ Chain terminates at trusted Root CA: root_ca
[SP][INFO][NONE]   ...
[SP][INFO][NONE] 
╔═══════════════════════════════════════════╗
[SP][INFO][NONE] ║   CRYPTOGRAPHIC IDENTITY ESTABLISHED     ║
[SP][INFO][NONE] ╚═══════════════════════════════════════════╝
[SP][INFO][NONE] Subject: C=BE,O=Parking System,CN=ServiceProvider
[SP][INFO][NONE] Issuer: CN=172.20.0.10,O=Private Parking,C=BE
[SP][INFO][NONE] Valid from: Wed Dec 24 22:12:42 UTC 2025
[SP][INFO][NONE] Valid until: Thu Dec 24 22:13:42 UTC 2026
[SP][INFO][NONE] Serial: 400D5EC991D3A4CA39691D8CAE670D62
[SP][INFO][NONE] ✓ Certificate and private key verified

[SP][INFO][NONE] === Starting SP Server ===
[SP][INFO][NONE] 
=== SP CRYPTOGRAPHIC BASELINE ESTABLISHED ===
[SP][INFO][NONE] Version: 2025-12-22 (Hardened TLS with mTLS enforcement)
[SP][INFO][NONE] ✓ Enabled TLS protocols: [TLSv1.3, TLSv1.2]
[SP][INFO][NONE] ✓ Strong cipher suites configured: 9 suites
[SP][INFO][NONE]  Mutual TLS (mTLS) REQUIRED - client certificates enforced
[SP][INFO][NONE] 
=== TLS Server Configuration ===
[SP][INFO][NONE] Server listening on port: 8444
[SP][INFO][NONE] Server certificate subject: C=BE,O=Parking System,CN=ServiceProvider
[SP][INFO][NONE] Server certificate issuer: CN=172.20.0.10,O=Private Parking,C=BE
[SP][INFO][NONE] Certificate serial: 400D5EC991D3A4CA39691D8CAE670D62
[SP][INFO][NONE] Certificate algorithm: SHA256withRSA
[SP][INFO][NONE] Public key algorithm: RSA
[SP][INFO][NONE] RSA key size: 2048 bits
[SP][INFO][NONE] mTLS enforcement: ENABLED (client certificates REQUIRED)
[SP][INFO][NONE] 
...
[SP][INFO][NONE] SP server ready | Port=8444
[SP][AUDIT][NONE] Client authenticated | CN=HomeOwner | Fingerprint=3E37713060E831A2...
[SP][INFO][NONE] 
=== Publishing Parking Availability from HomeOwner ===
[SP][INFO][NONE]   Home Owner: HO-001
[SP][INFO][NONE]   Spot ID: SPOT-A1
[SP][INFO][NONE]   Valid: 2025-12-24T22:17:06.627271711Z to 2025-12-25T06:17:06.627271711Z
[SP][INFO][NONE]   Price: 5 tokens
[SP][INFO][NONE]   Location: Downtown-North
[SP][INFO][NONE] ✓ Availability stored with ID: 1b11ecdf-a759-4643-9bb6-a02691abd459
[SP][INFO][NONE] ✓ Total availabilities in system: 1
[SP][INFO][NONE] ══════════════════════════════════════════════════
[SP][INFO][NONE] 
HomeOwner disconnected
[SP][AUDIT][NONE] Client authenticated | CN=CarOwner | Fingerprint=4484CA66854FF61B...
[SP][INFO][NONE] 
=== Availability Discovery Request from CarOwner ===
[SP][INFO][NONE]   Total availabilities in system: 1
[SP][INFO][NONE]   [1b11ecdf-a759-4643-9bb6-a02691abd459] SPOT-A1 - 5 tokens (HO: HomeOwner)
[SP][INFO][NONE] ✓ Returned 1 availability record(s) to CarOwner
[SP][INFO][NONE] ══════════════════════════════════════════════════
[SP][INFO][NONE] 
CarOwner disconnected
[SP][AUDIT][NONE] Client authenticated | CN=CarOwner | Fingerprint=4484CA66854FF61B...
[SP][INFO][NONE] 
=== Generating 5 payment tokens for CarOwner ===
[SP][INFO][NONE] ✓ Generated secret s (32 bytes)
[SP][INFO][NONE] ✓ Generated hash chain of length 5
[SP][INFO][NONE]   Root H^5(s): A6623EC25614490F...
[SP][INFO][NONE] ✓ Signed root with SP private key (256 bytes)
[SP][INFO][NONE] ✓ Stored chain metadata (ID: 7d79cdb8-2c42-42b2-a0be-a13c9a0e7f5f)
[SP][INFO][NONE] ✓ Token batch ready to send to CarOwner
[SP][INFO][NONE] ══════════════════════════════════════════════════
[SP][INFO][NONE] 
CarOwner disconnected
[SP][AUDIT][NONE] Client authenticated | CN=HomeOwner | Fingerprint=3E37713060E831A2...
[SP][INFO][NONE] [SETTLE] ═══════════════════════════════════════════════════
[SP][INFO][NONE] [SETTLE] Settlement Request Received from HomeOwner
[SP][INFO][NONE] [SETTLE]   chainId: 7d79cdb8-2c42-42b2-a0be-a13c9a0e7f5f
[SP][INFO][NONE] [SETTLE]   reservationId: 979d87bb-25a3-4eb4-b8f1-e060ddf82033
[SP][INFO][NONE] [SETTLE]   availabilityId: 1b11ecdf-a759-4643-9bb6-a02691abd459
[SP][INFO][NONE] [SETTLE]   y (tokens spent): 5
[SP][INFO][NONE] [SETTLE]   newLastSpentIndex: 5
[SP][INFO][NONE] [SETTLE]   x (chain length): 5
[SP][INFO][NONE] [SETTLE] ═══════════════════════════════════════════════════
[SP][INFO][NONE] [SETTLE] ✓ Cryptographic proof verified: token hashes to root
[SP][INFO][NONE] [SETTLE]   (hashed 0 times from last spent token to reach root)
[SP][INFO][NONE] [SETTLE] ✓✓✓ SETTLEMENT ACCEPTED ✓✓✓
[SP][INFO][NONE] [SETTLE]   chainId: 7d79cdb8-2c42-42b2-a0be-a13c9a0e7f5f
[SP][INFO][NONE] [SETTLE]   reservationId: 979d87bb-25a3-4eb4-b8f1-e060ddf82033
[SP][INFO][NONE] [SETTLE]   Previous lastSpentIndex: 0
[SP][INFO][NONE] [SETTLE]   Updated lastSpentIndex: 5
[SP][INFO][NONE] [SETTLE]   Tokens consumed: 5
[SP][INFO][NONE] [SETTLE]   Remaining tokens: 0
[SP][INFO][NONE] [AUDIT] SETTLEMENT_ACCEPTED{chainId=7d79cdb8-2c42-42b2-a0be-a13c9a0e7f5f, oldIndex=0, newIndex=5, tokensSpent=5, reservationId=979d87bb-25a3-4eb4-b8f1-e060ddf82033}
[SP][INFO][NONE] [SETTLE] ═══════════════════════════════════════════════════
[SP][INFO][NONE] [SETTLE] M3.4: Generating Cryptographically Verifiable Receipt
[SP][INFO][NONE] [SETTLE] ═══════════════════════════════════════════════════
[SP][INFO][NONE] [SETTLE] Canonical Receipt Data:
[SP][INFO][NONE] [SETTLE]   receiptId=a14d98a8-b14d-4290-97a6-73af69fb0b26|chainId=7d79cdb8-2c42-42b2-a0be-a13c9a0e7f5f|reservationId=979d87bb-25a3-4eb4-b8f1-e060ddf82033|availabilityId=1b11ecdf-a759-4643-9bb6-a02691abd459|y=5|newLastSpentIndex=5|timestamp=2025-12-24T22:17:20.354368926Z|hoIdentity=HomeOwner
[SP][INFO][NONE] [SETTLE] ✓ Receipt signed with SP private key (RSA-2048)
[SP][INFO][NONE] [SETTLE]   Algorithm: SHA256withRSA
[SP][INFO][NONE] [SETTLE]   Signature length: 256 bytes
[SP][INFO][NONE] [SETTLE] ✓ SP certificate fingerprint: 1178DBB3DCA72FEF5EC30642BA185A84...
[SP][INFO][NONE] [SETTLE] ✓✓✓ PAYMENT RECEIPT GENERATED ✓✓✓
[SP][INFO][NONE] [SETTLE]   Receipt ID: a14d98a8-b14d-4290-97a6-73af69fb0b26
[SP][INFO][NONE] [SETTLE]   Non-repudiation: SP signature binds finality to payment
[SP][INFO][NONE] [SETTLE]   Auditability: Receipt enables offline third-party verification
[SP][INFO][NONE] [AUDIT] RECEIPT_GENERATED{receiptId=a14d98a8-b14d-4290-97a6-73af69fb0b26, chainId=7d79cdb8-2c42-42b2-a0be-a13c9a0e7f5f, reservationId=979d87bb-25a3-4eb4-b8f1-e060ddf82033}
[SP][INFO][NONE] 
HomeOwner disconnected
[SP][AUDIT][NONE] Client authenticated | CN=HomeOwner | Fingerprint=3E37713060E831A2...
[SP][INFO][NONE] [SETTLE] ═══════════════════════════════════════════════════
[SP][INFO][NONE] [SETTLE] Settlement Request Received from HomeOwner
[SP][INFO][NONE] [SETTLE]   chainId: 7d79cdb8-2c42-42b2-a0be-a13c9a0e7f5f
[SP][INFO][NONE] [SETTLE]   reservationId: 979d87bb-25a3-4eb4-b8f1-e060ddf82033
[SP][INFO][NONE] [SETTLE]   availabilityId: 1b11ecdf-a759-4643-9bb6-a02691abd459
[SP][INFO][NONE] [SETTLE]   y (tokens spent): 5
[SP][INFO][NONE] [SETTLE]   newLastSpentIndex: 5
[SP][INFO][NONE] [SETTLE]   x (chain length): 5
[SP][INFO][NONE] [SETTLE] ═══════════════════════════════════════════════════
[SP][ERR][NONE] [SETTLE] ❌❌❌ DOUBLE_SPEND_DETECTED ❌❌❌
[SP][ERR][NONE] [SETTLE]   chainId: 7d79cdb8-2c42-42b2-a0be-a13c9a0e7f5f
[SP][ERR][NONE] [SETTLE]   currentLastSpentIndex: 5
[SP][ERR][NONE] [SETTLE]   attemptedNewIndex: 5
[SP][ERR][NONE] [SETTLE]   reservationId: 979d87bb-25a3-4eb4-b8f1-e060ddf82033
[SP][ERR][NONE] [AUDIT] DOUBLE_SPEND_DETECTED{chainId=7d79cdb8-2c42-42b2-a0be-a13c9a0e7f5f, oldIndex=5, newIndex=5, reservationId=979d87bb-25a3-4eb4-b8f1-e060ddf82033}
[SP][INFO][NONE] 
HomeOwner disconnected
[SP][AUDIT][NONE] Client authenticated | CN=CarOwner | Fingerprint=4484CA66854FF61B...
[SP][INFO][NONE] 
=== Availability Discovery Request from CarOwner ===
[SP][INFO][NONE]   Total availabilities in system: 1
[SP][INFO][NONE]   [1b11ecdf-a759-4643-9bb6-a02691abd459] SPOT-A1 - 5 tokens (HO: HomeOwner)
[SP][INFO][NONE] ✓ Returned 1 availability record(s) to CarOwner
[SP][INFO][NONE] ══════════════════════════════════════════════════
[SP][INFO][NONE] 
CarOwner disconnected
[SP][AUDIT][NONE] Client authenticated | CN=CarOwner | Fingerprint=4484CA66854FF61B...
[SP][INFO][NONE] 
=== Generating 5 payment tokens for CarOwner ===
[SP][INFO][NONE] ✓ Generated secret s (32 bytes)
[SP][INFO][NONE] ✓ Generated hash chain of length 5
[SP][INFO][NONE]   Root H^5(s): E9DD6B0185A3F636...
[SP][INFO][NONE] ✓ Signed root with SP private key (256 bytes)
[SP][INFO][NONE] ✓ Stored chain metadata (ID: 1da98519-6807-467f-9dc9-7d9ae5d096c0)
[SP][INFO][NONE] ✓ Token batch ready to send to CarOwner
[SP][INFO][NONE] ══════════════════════════════════════════════════
[SP][INFO][NONE] 
CarOwner disconnected
