 Container cauth-container  Running
 Container sp-container  Running
23:50:18 [M4.2_REPLAY_SP][INFO] Waiting for CAuth, SP, and HO to start...
23:50:30 [M4.2_REPLAY_SP][INFO] Car Owner (CO) starting
23:50:30 [M4.2_REPLAY_SP][INFO] Loading existing certificate from keystore
23:50:31 [M4.2_REPLAY_SP][AUDIT] CO IDENTITY subj=CarOwner issuer=CN=172.20.0.10,O=Private Parking,C=BE
23:50:31 [M4.2_REPLAY_SP][INFO] Discovering parking availabilities from SP
23:50:31 [M4.2_REPLAY_SP][INFO] Establishing mTLS connection to SP for discovery...
23:50:31 [M4.2_REPLAY_SP][AUDIT] mTLS to SP: TLSv1.3 TLS_AES_256_GCM_SHA384
23:50:31 [M4.2_REPLAY_SP][AUDIT] SP peer CN=ServiceProvider fp=BD1FDE1C8CB5E7F4
23:50:31 [M4.2_REPLAY_SP][INFO] Discovery success: 3 availability record(s)
23:50:31 [M4.2_REPLAY_SP][AUDIT] HO identity: CN=HomeOwner issuer=172.20.0.10
23:50:31 [M4.2_REPLAY_SP][INFO] HO identity bound: spot=SPOT-A1 CN=HomeOwner
23:50:31 [M4.2_REPLAY_SP][AUDIT] HO identity: CN=HomeOwner issuer=172.20.0.10
23:50:31 [M4.2_REPLAY_SP][INFO] HO identity bound: spot=SPOT-A1 CN=HomeOwner
23:50:31 [M4.2_REPLAY_SP][AUDIT] HO identity: CN=HomeOwner issuer=172.20.0.10
23:50:31 [M4.2_REPLAY_SP][INFO] HO identity bound: spot=SPOT-A1 CN=HomeOwner
23:50:31 [M4.2_REPLAY_SP][INFO] Availability discovery complete: all HO identities verified
23:50:31 [M4.2_REPLAY_SP][INFO] Requesting reservation from HO
23:50:31 [M4.2_REPLAY_SP][INFO] M2.4: Reservation handshake with HO
23:50:32 [M4.2_REPLAY_SP][AUDIT] mTLS to HO: TLSv1.3 TLS_AES_256_GCM_SHA384
23:50:32 [M4.2_REPLAY_SP][AUDIT] HO peer CN=HomeOwner fp=58C169422886A140
23:50:32 [M4.2_REPLAY_SP][INFO] Signature verified: RSA-2048/SHA256withRSA, HO=HomeOwner
23:50:32 [M4.2_REPLAY_SP][INFO] M3.2: Sending payment request to HO (using SP tokens)
23:50:32 [M4.2_REPLAY_SP][AUDIT] mTLS to SP: TLSv1.3 TLS_AES_256_GCM_SHA384
23:50:32 [M4.2_REPLAY_SP][AUDIT] SP peer CN=ServiceProvider fp=BD1FDE1C8CB5E7F4
23:50:32 [M4.2_REPLAY_SP][INFO] Token batch verified: 5 tokens, chainId=1cf44b50-9217-49db-acac-8305d85783ab
23:50:32 [M4.2_REPLAY_SP][INFO] M4.2 REPLAY: sending same pay twice
23:50:33 [M4.2_REPLAY_SP][WARN] HO rejected payment: Reservation verdict != OK
23:50:33 [M4.2_REPLAY_SP][INFO] Reservation complete: verdict=NOT_OK proof=ac8cd9a8-bcc8-4ccd-912b-52686617948b
23:50:33 [M4.2_REPLAY_SP][INFO] CO completed successfully
