 Volume secure_software_assignment_co_keystore  Creating
 Volume secure_software_assignment_co_keystore  Created
 Container cauth-container  Running
 Container sp-container  Running
23:39:06 [P1_HONEST][INFO] Waiting for CAuth, SP, and HO to start...
23:39:18 [P1_HONEST][INFO] Car Owner (CO) starting
23:39:18 [P1_HONEST][INFO] No existing certificate, enrolling with CAuth
23:39:19 [P1_HONEST][INFO] Connecting to CAuth server at cauth:8443
23:39:19 [P1_HONEST][INFO] Certificate signed by CAuth
23:39:19 [P1_HONEST][INFO] Certificate received from CAuth
23:39:20 [P1_HONEST][AUDIT] CO IDENTITY subj=CarOwner issuer=CN=172.20.0.10,O=Private Parking,C=BE
23:39:20 [P1_HONEST][INFO] Discovering parking availabilities from SP
23:39:20 [P1_HONEST][INFO] Establishing mTLS connection to SP for discovery...
23:39:20 [P1_HONEST][AUDIT] mTLS to SP: TLSv1.3 TLS_AES_256_GCM_SHA384
23:39:20 [P1_HONEST][AUDIT] SP peer CN=ServiceProvider fp=8FE26FDFFA1E5EC6
23:39:20 [P1_HONEST][INFO] Discovery success: 1 availability record(s)
23:39:20 [P1_HONEST][AUDIT] HO identity: CN=HomeOwner issuer=172.20.0.10
23:39:20 [P1_HONEST][INFO] HO identity bound: spot=SPOT-A1 CN=HomeOwner
23:39:20 [P1_HONEST][INFO] Availability discovery complete: all HO identities verified
23:39:20 [P1_HONEST][INFO] Requesting reservation from HO
23:39:20 [P1_HONEST][INFO] M2.4: Reservation handshake with HO
23:39:20 [P1_HONEST][AUDIT] mTLS to HO: TLSv1.3 TLS_AES_256_GCM_SHA384
23:39:20 [P1_HONEST][AUDIT] HO peer CN=HomeOwner fp=4C0E1B7537EA014F
23:39:20 [P1_HONEST][INFO] Signature verified: RSA-2048/SHA256withRSA, HO=HomeOwner
23:39:20 [P1_HONEST][INFO] M3.2: Sending payment request to HO (using SP tokens)
23:39:21 [P1_HONEST][AUDIT] mTLS to SP: TLSv1.3 TLS_AES_256_GCM_SHA384
23:39:21 [P1_HONEST][AUDIT] SP peer CN=ServiceProvider fp=8FE26FDFFA1E5EC6
23:39:21 [P1_HONEST][INFO] Token batch verified: 5 tokens, chainId=0e208b3e-0f19-4829-b02b-975f3a81b46b
23:39:21 [P1_HONEST][INFO] Sending payment to HO
23:39:21 [P1_HONEST][AUDIT] PAYMENT ACCEPTED by HO
23:39:21 [P1_HONEST][INFO] Verifying payment finalization receipt
23:39:21 [P1_HONEST][INFO] Receipt verified & persisted: 2bae5832-5663-44c2-b43b-fabd472a5224 tokens=5
23:39:21 [P1_HONEST][AUDIT] PAYMENT FINALITY established - SP-signed receipt verified
23:39:21 [P1_HONEST][INFO] Reservation complete: verdict=OK proof=af4c24ea-5166-4173-a03b-5bded9b3d60b
23:39:21 [P1_HONEST][INFO] CO completed successfully
