 Container cauth-container  Running
 Container sp-container  Running
23:47:58 [M4.1_TOKEN_TAMPER][INFO] Waiting for CAuth, SP, and HO to start...
23:48:10 [M4.1_TOKEN_TAMPER][INFO] Car Owner (CO) starting
23:48:10 [M4.1_TOKEN_TAMPER][INFO] Loading existing certificate from keystore
23:48:11 [M4.1_TOKEN_TAMPER][AUDIT] CO IDENTITY subj=CarOwner issuer=CN=172.20.0.10,O=Private Parking,C=BE
23:48:11 [M4.1_TOKEN_TAMPER][INFO] Discovering parking availabilities from SP
23:48:11 [M4.1_TOKEN_TAMPER][INFO] Establishing mTLS connection to SP for discovery...
23:48:11 [M4.1_TOKEN_TAMPER][AUDIT] mTLS to SP: TLSv1.3 TLS_AES_256_GCM_SHA384
23:48:11 [M4.1_TOKEN_TAMPER][AUDIT] SP peer CN=ServiceProvider fp=BD1FDE1C8CB5E7F4
23:48:11 [M4.1_TOKEN_TAMPER][INFO] Discovery success: 1 availability record(s)
23:48:11 [M4.1_TOKEN_TAMPER][AUDIT] HO identity: CN=HomeOwner issuer=172.20.0.10
23:48:11 [M4.1_TOKEN_TAMPER][INFO] HO identity bound: spot=SPOT-A1 CN=HomeOwner
23:48:11 [M4.1_TOKEN_TAMPER][INFO] Availability discovery complete: all HO identities verified
23:48:11 [M4.1_TOKEN_TAMPER][INFO] Requesting reservation from HO
23:48:11 [M4.1_TOKEN_TAMPER][INFO] M2.4: Reservation handshake with HO
23:48:11 [M4.1_TOKEN_TAMPER][AUDIT] mTLS to HO: TLSv1.3 TLS_AES_256_GCM_SHA384
23:48:11 [M4.1_TOKEN_TAMPER][AUDIT] HO peer CN=HomeOwner fp=58C169422886A140
23:48:12 [M4.1_TOKEN_TAMPER][INFO] Signature verified: RSA-2048/SHA256withRSA, HO=HomeOwner
23:48:12 [M4.1_TOKEN_TAMPER][INFO] M3.2: Sending payment request to HO (using SP tokens)
23:48:12 [M4.1_TOKEN_TAMPER][AUDIT] mTLS to SP: TLSv1.3 TLS_AES_256_GCM_SHA384
23:48:12 [M4.1_TOKEN_TAMPER][AUDIT] SP peer CN=ServiceProvider fp=BD1FDE1C8CB5E7F4
23:48:12 [M4.1_TOKEN_TAMPER][INFO] Token batch verified: 5 tokens, chainId=c445e808-a7dd-49ca-abaf-b8a1ba47e4a6
23:48:12 [M4.1_TOKEN_TAMPER][INFO] M4.1 TOKEN TAMPER: token[0] byte[0]
23:48:12 [M4.1_TOKEN_TAMPER][SEC_OK] M4.1/TOKEN_TAMPER: HO rejected tampered token: security_violation (expected)
23:48:12 [M4.1_TOKEN_TAMPER][INFO] Reservation complete: verdict=OK proof=c22c2e82-f358-440f-888b-35e3d1f1f0d9
23:48:12 [M4.1_TOKEN_TAMPER][INFO] CO completed successfully
