 Container cauth-container  Running
 Container sp-container  Running
[CO][INFO][ROGUE_CO_MISSING] Waiting for CAuth, SP, and HO to start...
[CO][INFO][ROGUE_CO_MISSING] 
=== Car Owner (CO) Starting ===
[CO][INFO][ROGUE_CO_MISSING] 
═══════════════════════════════════════════════════════════════
[CO][INFO][ROGUE_CO_MISSING]   [ROGUE_CO] NEGATIVE TEST MODE: BAD_CERT
[CO][INFO][ROGUE_CO_MISSING]   Sub-mode: MISSING
[CO][INFO][ROGUE_CO_MISSING] ═══════════════════════════════════════════════════════════════
[CO][INFO][ROGUE_CO_MISSING] [ROGUE_CO] Testing rejection of CO without valid certificate
[CO][INFO][ROGUE_CO_MISSING] [ROGUE_CO] Mode: MISSING
[CO][INFO][ROGUE_CO_MISSING] [ROGUE_CO] MISSING mode: Skipping enrollment, no client certificate
[CO][INFO][ROGUE_CO_MISSING] [ROGUE_CO] Will attempt mTLS without presenting client certificate
[CO][INFO][ROGUE_CO_MISSING] 
[ROGUE_CO] Attempting mTLS connection to SP...
[CO][INFO][ROGUE_CO_MISSING] [ROGUE_CO] EXPECTED: Connection should FAIL
[CO][INFO][ROGUE_CO_MISSING] [ROGUE_CO] REASON: No client certificate presented (peer not authenticated)
[CO][INFO][ROGUE_CO_MISSING] 
[CO][INFO][ROGUE_CO_MISSING] [ROGUE_CO] Creating SSLContext WITHOUT client KeyManager
[CO][INFO][ROGUE_CO_MISSING] [ROGUE_CO] Connecting to SP at sp:8444
[CO][INFO][ROGUE_CO_MISSING] [ROGUE_CO] Starting TLS handshake...
[CO][INFO][ROGUE_CO_MISSING] [ROGUE_CO] TLS negotiation completed; validating mTLS acceptance...
[CO][INFO][ROGUE_CO_MISSING] [ROGUE_CO] Server authenticated: C=BE,O=Parking System,CN=ServiceProvider
[CO][INFO][ROGUE_CO_MISSING] [ROGUE_CO] Performing post-handshake proof (send request)...
[CO][INFO][ROGUE_CO_MISSING] [ROGUE_CO] Reading response to confirm mTLS acceptance...
[CO][INFO][ROGUE_CO_MISSING] 
╔═══════════════════════════════════════════════════════════════╗
[CO][INFO][ROGUE_CO_MISSING] ║   [ROGUE_CO] ...
[CO][INFO][ROGUE_CO_MISSING] ╚═══════════════════════════════════════════════════════════════╝
[CO][INFO][ROGUE_CO_MISSING] [ROGUE_CO] mTLS rejected by peer during client certificate validation!
[CO][INFO][ROGUE_CO_MISSING] [ROGUE_CO] Error type: SSLHandshakeException
[CO][INFO][ROGUE_CO_MISSING] [ROGUE_CO] Error message: Received fatal alert: bad_certificate
[CO][INFO][ROGUE_CO_MISSING] [ROGUE_CO] Analysis: SP rejected the client certificate (fatal alert: bad_certificate)
[CO][INFO][ROGUE_CO_MISSING] [ROGUE_CO] Reason: No client certificate presented (peer not authenticated)
[CO][INFO][ROGUE_CO_MISSING] 
[ROGUE_CO] VERIFICATION COMPLETE:
[CO][INFO][ROGUE_CO_MISSING]   ...
[CO][INFO][ROGUE_CO_MISSING]   ...
[CO][INFO][ROGUE_CO_MISSING]   ...
[CO][INFO][ROGUE_CO_MISSING]   ...
[CO][INFO][ROGUE_CO_MISSING]   ...
[CO][INFO][ROGUE_CO_MISSING]   ...
[CO][INFO][ROGUE_CO_MISSING] 
[ROGUE_CO] CONCLUSION: Rogue CO properly rejected!
[CO][INFO][ROGUE_CO_MISSING] [ROGUE_CO] The system is SECURE against unauthorized clients.

