[SP][INFO][NONE] Waiting for CAuth to start...
[SP][INFO][NONE] 
=== Service Provider Starting ===
[SP][INFO][NONE] Initializing cryptographic baseline...

[SP][INFO][NONE] Found existing certificate, loading from keystore...
[SP][INFO][NONE] ...
[SP][INFO][NONE] ✓ Certificate chain loaded (3 certificates)
[SP][INFO][NONE] ...
[SP][INFO][NONE]   Validating certificate chain (3 certificates):
[SP][INFO][NONE]     [0] C=BE,O=Parking System,CN=ServiceProvider
[SP][INFO][NONE]         Issuer: CN=172.20.0.10,O=Private Parking,C=BE
[SP][INFO][NONE]         ...
[SP][INFO][NONE]     [1] CN=172.20.0.10,O=Private Parking,C=BE
[SP][INFO][NONE]         Issuer: CN=Root CA,O=National Authority,C=Country Code
[SP][INFO][NONE]         ...
[SP][INFO][NONE]     [2] CN=Root CA,O=National Authority,C=Country Code
[SP][INFO][NONE]         Issuer: CN=Root CA,O=National Authority,C=Country Code
[SP][INFO][NONE]   ✓ Chain terminates at trusted Root CA: root_ca
[SP][INFO][NONE]   ...
[SP][INFO][NONE] 
╔═══════════════════════════════════════════╗
[SP][INFO][NONE] ║   CRYPTOGRAPHIC IDENTITY ESTABLISHED     ║
[SP][INFO][NONE] ╚═══════════════════════════════════════════╝
[SP][INFO][NONE] Subject: C=BE,O=Parking System,CN=ServiceProvider
[SP][INFO][NONE] Issuer: CN=172.20.0.10,O=Private Parking,C=BE
[SP][INFO][NONE] Valid from: Wed Dec 24 22:12:42 UTC 2025
[SP][INFO][NONE] Valid until: Thu Dec 24 22:13:42 UTC 2026
[SP][INFO][NONE] Serial: 400D5EC991D3A4CA39691D8CAE670D62
[SP][INFO][NONE] ✓ Certificate and private key verified

[SP][INFO][NONE] === Starting SP Server ===
[SP][INFO][NONE] 
=== SP CRYPTOGRAPHIC BASELINE ESTABLISHED ===
[SP][INFO][NONE] Version: 2025-12-22 (Hardened TLS with mTLS enforcement)
[SP][INFO][NONE] ✓ Enabled TLS protocols: [TLSv1.3, TLSv1.2]
[SP][INFO][NONE] ✓ Strong cipher suites configured: 9 suites
[SP][INFO][NONE]  Mutual TLS (mTLS) REQUIRED - client certificates enforced
[SP][INFO][NONE] 
=== TLS Server Configuration ===
[SP][INFO][NONE] Server listening on port: 8444
[SP][INFO][NONE] Server certificate subject: C=BE,O=Parking System,CN=ServiceProvider
[SP][INFO][NONE] Server certificate issuer: CN=172.20.0.10,O=Private Parking,C=BE
[SP][INFO][NONE] Certificate serial: 400D5EC991D3A4CA39691D8CAE670D62
[SP][INFO][NONE] Certificate algorithm: SHA256withRSA
[SP][INFO][NONE] Public key algorithm: RSA
[SP][INFO][NONE] RSA key size: 2048 bits
[SP][INFO][NONE] mTLS enforcement: ENABLED (client certificates REQUIRED)
[SP][INFO][NONE] 
...
[SP][INFO][NONE] SP server ready | Port=8444
[SP][AUDIT][NONE] Client authenticated | CN=HomeOwner | Fingerprint=3E37713060E831A2...
[SP][INFO][NONE] 
=== Publishing Parking Availability from HomeOwner ===
[SP][INFO][NONE]   Home Owner: HO-001
[SP][INFO][NONE]   Spot ID: SPOT-A1
[SP][INFO][NONE]   Valid: 2025-12-24T22:20:43.634436356Z to 2025-12-25T06:20:43.634436356Z
[SP][INFO][NONE]   Price: 5 tokens
[SP][INFO][NONE]   Location: Downtown-North
[SP][INFO][NONE] ✓ Availability stored with ID: 7661202b-046a-4d44-a83b-c66862840f2d
[SP][INFO][NONE] ✓ Total availabilities in system: 1
[SP][INFO][NONE] ══════════════════════════════════════════════════
[SP][INFO][NONE] 
HomeOwner disconnected
[SP][AUDIT][NONE] Client authenticated | CN=CarOwner | Fingerprint=4484CA66854FF61B...
[SP][INFO][NONE] 
=== Availability Discovery Request from CarOwner ===
[SP][INFO][NONE]   Total availabilities in system: 1
[SP][INFO][NONE]   [7661202b-046a-4d44-a83b-c66862840f2d] SPOT-A1 - 5 tokens (HO: HomeOwner)
[SP][INFO][NONE] ✓ Returned 1 availability record(s) to CarOwner
[SP][INFO][NONE] ══════════════════════════════════════════════════
[SP][INFO][NONE] 
CarOwner disconnected
[SP][AUDIT][NONE] Client authenticated | CN=CarOwner | Fingerprint=4484CA66854FF61B...
[SP][INFO][NONE] 
=== Generating 5 payment tokens for CarOwner ===
[SP][INFO][NONE] ✓ Generated secret s (32 bytes)
[SP][INFO][NONE] ✓ Generated hash chain of length 5
[SP][INFO][NONE]   Root H^5(s): A5400B8F23E7BAFE...
[SP][INFO][NONE] ✓ Signed root with SP private key (256 bytes)
[SP][INFO][NONE] ✓ Stored chain metadata (ID: ea00a44e-71b2-4f7c-a87a-9006646cb272)
[SP][INFO][NONE] ✓ Token batch ready to send to CarOwner
[SP][INFO][NONE] ══════════════════════════════════════════════════
[SP][INFO][NONE] 
CarOwner disconnected
[SP][AUDIT][NONE] Client authenticated | CN=HomeOwner | Fingerprint=3E37713060E831A2...
[SP][INFO][NONE] [SETTLE] ═══════════════════════════════════════════════════
[SP][INFO][NONE] [SETTLE] Settlement Request Received from HomeOwner
[SP][INFO][NONE] [SETTLE]   chainId: ea00a44e-71b2-4f7c-a87a-9006646cb272
[SP][INFO][NONE] [SETTLE]   reservationId: c5e1ea09-c5e8-460b-b093-5acde2853abf
[SP][INFO][NONE] [SETTLE]   availabilityId: 7661202b-046a-4d44-a83b-c66862840f2d
[SP][INFO][NONE] [SETTLE]   y (tokens spent): 5
[SP][INFO][NONE] [SETTLE]   newLastSpentIndex: 5
[SP][INFO][NONE] [SETTLE]   x (chain length): 5
[SP][INFO][NONE] [SETTLE] ═══════════════════════════════════════════════════
[SP][INFO][NONE] [SETTLE] ✓ Cryptographic proof verified: token hashes to root
[SP][INFO][NONE] [SETTLE]   (hashed 0 times from last spent token to reach root)
[SP][INFO][NONE] [SETTLE] ✓✓✓ SETTLEMENT ACCEPTED ✓✓✓
[SP][INFO][NONE] [SETTLE]   chainId: ea00a44e-71b2-4f7c-a87a-9006646cb272
[SP][INFO][NONE] [SETTLE]   reservationId: c5e1ea09-c5e8-460b-b093-5acde2853abf
[SP][INFO][NONE] [SETTLE]   Previous lastSpentIndex: 0
[SP][INFO][NONE] [SETTLE]   Updated lastSpentIndex: 5
[SP][INFO][NONE] [SETTLE]   Tokens consumed: 5
[SP][INFO][NONE] [SETTLE]   Remaining tokens: 0
[SP][INFO][NONE] [AUDIT] SETTLEMENT_ACCEPTED{chainId=ea00a44e-71b2-4f7c-a87a-9006646cb272, oldIndex=0, newIndex=5, tokensSpent=5, reservationId=c5e1ea09-c5e8-460b-b093-5acde2853abf}
[SP][INFO][NONE] [SETTLE] ═══════════════════════════════════════════════════
[SP][INFO][NONE] [SETTLE] M3.4: Generating Cryptographically Verifiable Receipt
[SP][INFO][NONE] [SETTLE] ═══════════════════════════════════════════════════
[SP][INFO][NONE] [SETTLE] Canonical Receipt Data:
[SP][INFO][NONE] [SETTLE]   receiptId=547b2d66-fef9-4f88-97ba-c6b4c6f865e2|chainId=ea00a44e-71b2-4f7c-a87a-9006646cb272|reservationId=c5e1ea09-c5e8-460b-b093-5acde2853abf|availabilityId=7661202b-046a-4d44-a83b-c66862840f2d|y=5|newLastSpentIndex=5|timestamp=2025-12-24T22:20:57.435920029Z|hoIdentity=HomeOwner
[SP][INFO][NONE] [SETTLE] ✓ Receipt signed with SP private key (RSA-2048)
[SP][INFO][NONE] [SETTLE]   Algorithm: SHA256withRSA
[SP][INFO][NONE] [SETTLE]   Signature length: 256 bytes
[SP][INFO][NONE] [SETTLE] ✓ SP certificate fingerprint: 1178DBB3DCA72FEF5EC30642BA185A84...
[SP][INFO][NONE] [SETTLE] ✓✓✓ PAYMENT RECEIPT GENERATED ✓✓✓
[SP][INFO][NONE] [SETTLE]   Receipt ID: 547b2d66-fef9-4f88-97ba-c6b4c6f865e2
[SP][INFO][NONE] [SETTLE]   Non-repudiation: SP signature binds finality to payment
[SP][INFO][NONE] [SETTLE]   Auditability: Receipt enables offline third-party verification
[SP][INFO][NONE] [AUDIT] RECEIPT_GENERATED{receiptId=547b2d66-fef9-4f88-97ba-c6b4c6f865e2, chainId=ea00a44e-71b2-4f7c-a87a-9006646cb272, reservationId=c5e1ea09-c5e8-460b-b093-5acde2853abf}
[SP][INFO][NONE] 
HomeOwner disconnected
