[SP][INFO][NONE] Waiting for CAuth to start...
[SP][INFO][NONE] 
=== Service Provider Starting ===
[SP][INFO][NONE] Initializing cryptographic baseline...

[SP][INFO][NONE] No existing certificate found, enrolling with CAuth...
[SP][INFO][NONE] Step 1: Generating RSA key pair...
[SP][INFO][NONE] ...
[SP][INFO][NONE] 
Step 2: Creating Certificate Signing Request (CSR)...
[SP][INFO][NONE] ...
[SP][INFO][NONE] 
Step 3: Connecting to CAuth server over TLS...
[SP][INFO][NONE] ...
[SP][INFO][NONE]   Protocol: TLSv1.3
[SP][INFO][NONE]   Cipher suite: TLS_AES_256_GCM_SHA384
[SP][INFO][NONE]   CAuth certificate verified:
[SP][INFO][NONE]     Subject: CN=172.20.0.10,O=Private Parking,C=BE
[SP][INFO][NONE]     Issuer: CN=Root CA,O=National Authority,C=Country Code
[SP][INFO][NONE] 
→ Sending CSR to CAuth for signing...
[SP][INFO][NONE] Received CA certificate from CAuth.
[SP][INFO][NONE] Received Root CA certificate from CAuth.
[SP][INFO][NONE] Certificate signed by CAuth!
[SP][INFO][NONE] ...
[SP][INFO][NONE] 
Step 4: Validating received certificate...
[SP][INFO][NONE]   ...
[SP][INFO][NONE]     Valid from: Wed Dec 24 22:22:40 UTC 2025
[SP][INFO][NONE]     Valid until: Thu Dec 24 22:23:40 UTC 2026
[SP][INFO][NONE]   ...
[SP][INFO][NONE]   Validating certificate chain (3 certificates):
[SP][INFO][NONE]     [0] C=BE,O=Parking System,CN=ServiceProvider
[SP][INFO][NONE]         Issuer: CN=172.20.0.10,O=Private Parking,C=BE
[SP][INFO][NONE]         ...
[SP][INFO][NONE]     [1] CN=172.20.0.10,O=Private Parking,C=BE
[SP][INFO][NONE]         Issuer: CN=Root CA,O=National Authority,C=Country Code
[SP][INFO][NONE]         ...
[SP][INFO][NONE]     [2] CN=Root CA,O=National Authority,C=Country Code
[SP][INFO][NONE]         Issuer: CN=Root CA,O=National Authority,C=Country Code
[SP][INFO][NONE]   ✓ Chain terminates at trusted Root CA: root_ca
[SP][INFO][NONE]   ...
[SP][INFO][NONE] ...
[SP][INFO][NONE] 
Step 5: Storing certificate and private key securely...
[SP][INFO][NONE] Storing certificate chain with 3 certificate(s)
[SP][INFO][NONE]   [0] C=BE,O=Parking System,CN=ServiceProvider
[SP][INFO][NONE]   [1] CN=172.20.0.10,O=Private Parking,C=BE
[SP][INFO][NONE]   [2] CN=Root CA,O=National Authority,C=Country Code
[SP][INFO][NONE] ✓ Credentials stored in ./keystore/sp_keystore.p12
[SP][INFO][NONE] 
╔═══════════════════════════════════════════╗
[SP][INFO][NONE] ║   CRYPTOGRAPHIC IDENTITY ESTABLISHED     ║
[SP][INFO][NONE] ╚═══════════════════════════════════════════╝
[SP][INFO][NONE] Subject: C=BE,O=Parking System,CN=ServiceProvider
[SP][INFO][NONE] Issuer: CN=172.20.0.10,O=Private Parking,C=BE
[SP][INFO][NONE] Valid from: Wed Dec 24 22:22:40 UTC 2025
[SP][INFO][NONE] Valid until: Thu Dec 24 22:23:40 UTC 2026
[SP][INFO][NONE] Serial: 929A808AD0EFCF0ACB484BC62D80E082
[SP][INFO][NONE] ✓ Certificate and private key verified

[SP][INFO][NONE] === Starting SP Server ===
[SP][INFO][NONE] 
=== SP CRYPTOGRAPHIC BASELINE ESTABLISHED ===
[SP][INFO][NONE] Version: 2025-12-22 (Hardened TLS with mTLS enforcement)
[SP][INFO][NONE] ✓ Enabled TLS protocols: [TLSv1.3, TLSv1.2]
[SP][INFO][NONE] ✓ Strong cipher suites configured: 9 suites
[SP][INFO][NONE]  Mutual TLS (mTLS) REQUIRED - client certificates enforced
[SP][INFO][NONE] 
=== TLS Server Configuration ===
[SP][INFO][NONE] Server listening on port: 8444
[SP][INFO][NONE] Server certificate subject: C=BE,O=Parking System,CN=ServiceProvider
[SP][INFO][NONE] Server certificate issuer: CN=172.20.0.10,O=Private Parking,C=BE
[SP][INFO][NONE] Certificate serial: 929A808AD0EFCF0ACB484BC62D80E082
[SP][INFO][NONE] Certificate algorithm: SHA256withRSA
[SP][INFO][NONE] Public key algorithm: RSA
[SP][INFO][NONE] RSA key size: 2048 bits
[SP][INFO][NONE] mTLS enforcement: ENABLED (client certificates REQUIRED)
[SP][INFO][NONE] 
...
[SP][INFO][NONE] SP server ready | Port=8444
[SP][AUDIT][NONE] Client authenticated | CN=HomeOwner | Fingerprint=8349A96A416D8E51...
[SP][INFO][NONE] 
=== Publishing Parking Availability from HomeOwner ===
[SP][INFO][NONE]   Home Owner: HO-001
[SP][INFO][NONE]   Spot ID: SPOT-A1
[SP][INFO][NONE]   Valid: 2025-12-24T22:23:44.081629484Z to 2025-12-25T06:23:44.081629484Z
[SP][INFO][NONE]   Price: 5 tokens
[SP][INFO][NONE]   Location: Downtown-North
[SP][INFO][NONE] ✓ Availability stored with ID: 217e681a-1237-4754-8431-684ae1f28479
[SP][INFO][NONE] ✓ Total availabilities in system: 1
[SP][INFO][NONE] ══════════════════════════════════════════════════
[SP][INFO][NONE] 
HomeOwner disconnected
[SP][AUDIT][NONE] Client authenticated | CN=CarOwner | Fingerprint=42CCA2CA927C4B2F...
[SP][INFO][NONE] 
=== Availability Discovery Request from CarOwner ===
[SP][INFO][NONE]   Total availabilities in system: 1
[SP][INFO][NONE]   [217e681a-1237-4754-8431-684ae1f28479] SPOT-A1 - 5 tokens (HO: HomeOwner)
[SP][INFO][NONE] ✓ Returned 1 availability record(s) to CarOwner
[SP][INFO][NONE] ══════════════════════════════════════════════════
[SP][INFO][NONE] 
CarOwner disconnected
[SP][AUDIT][NONE] Client authenticated | CN=CarOwner | Fingerprint=42CCA2CA927C4B2F...
[SP][INFO][NONE] 
=== Generating 5 payment tokens for CarOwner ===
[SP][INFO][NONE] ✓ Generated secret s (32 bytes)
[SP][INFO][NONE] ✓ Generated hash chain of length 5
[SP][INFO][NONE]   Root H^5(s): 06D5793C48FEFFF9...
[SP][INFO][NONE] ✓ Signed root with SP private key (256 bytes)
[SP][INFO][NONE] ✓ Stored chain metadata (ID: 77f9cae2-9259-4f87-9839-893f353c1ff2)
[SP][INFO][NONE] ✓ Token batch ready to send to CarOwner
[SP][INFO][NONE] ══════════════════════════════════════════════════
[SP][INFO][NONE] 
CarOwner disconnected
[SP][AUDIT][NONE] Client authenticated | CN=HomeOwner | Fingerprint=8349A96A416D8E51...
[SP][INFO][NONE] [SETTLE] ═══════════════════════════════════════════════════
[SP][INFO][NONE] [SETTLE] Settlement Request Received from HomeOwner
[SP][INFO][NONE] [SETTLE]   chainId: 77f9cae2-9259-4f87-9839-893f353c1ff2
[SP][INFO][NONE] [SETTLE]   reservationId: bd2eb65f-7ef5-4842-90cd-d56321e4bd5f
[SP][INFO][NONE] [SETTLE]   availabilityId: 217e681a-1237-4754-8431-684ae1f28479
[SP][INFO][NONE] [SETTLE]   y (tokens spent): 5
[SP][INFO][NONE] [SETTLE]   newLastSpentIndex: 5
[SP][INFO][NONE] [SETTLE]   x (chain length): 5
[SP][INFO][NONE] [SETTLE] ═══════════════════════════════════════════════════
[SP][INFO][NONE] [SETTLE] ✓ Cryptographic proof verified: token hashes to root
[SP][INFO][NONE] [SETTLE]   (hashed 0 times from last spent token to reach root)
[SP][INFO][NONE] [SETTLE] ✓✓✓ SETTLEMENT ACCEPTED ✓✓✓
[SP][INFO][NONE] [SETTLE]   chainId: 77f9cae2-9259-4f87-9839-893f353c1ff2
[SP][INFO][NONE] [SETTLE]   reservationId: bd2eb65f-7ef5-4842-90cd-d56321e4bd5f
[SP][INFO][NONE] [SETTLE]   Previous lastSpentIndex: 0
[SP][INFO][NONE] [SETTLE]   Updated lastSpentIndex: 5
[SP][INFO][NONE] [SETTLE]   Tokens consumed: 5
[SP][INFO][NONE] [SETTLE]   Remaining tokens: 0
[SP][INFO][NONE] [AUDIT] SETTLEMENT_ACCEPTED{chainId=77f9cae2-9259-4f87-9839-893f353c1ff2, oldIndex=0, newIndex=5, tokensSpent=5, reservationId=bd2eb65f-7ef5-4842-90cd-d56321e4bd5f}
[SP][INFO][NONE] [SETTLE] ═══════════════════════════════════════════════════
[SP][INFO][NONE] [SETTLE] M3.4: Generating Cryptographically Verifiable Receipt
[SP][INFO][NONE] [SETTLE] ═══════════════════════════════════════════════════
[SP][INFO][NONE] [SETTLE] Canonical Receipt Data:
[SP][INFO][NONE] [SETTLE]   receiptId=f097a90b-920c-4341-a947-f45c20777209|chainId=77f9cae2-9259-4f87-9839-893f353c1ff2|reservationId=bd2eb65f-7ef5-4842-90cd-d56321e4bd5f|availabilityId=217e681a-1237-4754-8431-684ae1f28479|y=5|newLastSpentIndex=5|timestamp=2025-12-24T22:23:58.810201241Z|hoIdentity=HomeOwner
[SP][INFO][NONE] [SETTLE] ✓ Receipt signed with SP private key (RSA-2048)
[SP][INFO][NONE] [SETTLE]   Algorithm: SHA256withRSA
[SP][INFO][NONE] [SETTLE]   Signature length: 256 bytes
[SP][INFO][NONE] [SETTLE] ✓ SP certificate fingerprint: EFE01135BDB60FC06BEF53E7A8B58CC7...
[SP][INFO][NONE] [SETTLE] ✓✓✓ PAYMENT RECEIPT GENERATED ✓✓✓
[SP][INFO][NONE] [SETTLE]   Receipt ID: f097a90b-920c-4341-a947-f45c20777209
[SP][INFO][NONE] [SETTLE]   Non-repudiation: SP signature binds finality to payment
[SP][INFO][NONE] [SETTLE]   Auditability: Receipt enables offline third-party verification
[SP][INFO][NONE] [AUDIT] RECEIPT_GENERATED{receiptId=f097a90b-920c-4341-a947-f45c20777209, chainId=77f9cae2-9259-4f87-9839-893f353c1ff2, reservationId=bd2eb65f-7ef5-4842-90cd-d56321e4bd5f}
[SP][INFO][NONE] 
HomeOwner disconnected
