[SP][INFO][NONE] Waiting for CAuth to start...
[SP][INFO][NONE] 
=== Service Provider Starting ===
[SP][INFO][NONE] Initializing cryptographic baseline...

[SP][INFO][NONE] No existing certificate found, enrolling with CAuth...
[SP][INFO][NONE] Step 1: Generating RSA key pair...
[SP][INFO][NONE] ...
[SP][INFO][NONE] 
Step 2: Creating Certificate Signing Request (CSR)...
[SP][INFO][NONE] ...
[SP][INFO][NONE] 
Step 3: Connecting to CAuth server over TLS...
[SP][INFO][NONE] ...
[SP][INFO][NONE]   Protocol: TLSv1.3
[SP][INFO][NONE]   Cipher suite: TLS_AES_256_GCM_SHA384
[SP][INFO][NONE]   CAuth certificate verified:
[SP][INFO][NONE]     Subject: CN=172.20.0.10,O=Private Parking,C=BE
[SP][INFO][NONE]     Issuer: CN=Root CA,O=National Authority,C=Country Code
[SP][INFO][NONE] 
→ Sending CSR to CAuth for signing...
[SP][INFO][NONE] Received CA certificate from CAuth.
[SP][INFO][NONE] Received Root CA certificate from CAuth.
[SP][INFO][NONE] Certificate signed by CAuth!
[SP][INFO][NONE] ...
[SP][INFO][NONE] 
Step 4: Validating received certificate...
[SP][INFO][NONE]   ...
[SP][INFO][NONE]     Valid from: Wed Dec 24 22:12:42 UTC 2025
[SP][INFO][NONE]     Valid until: Thu Dec 24 22:13:42 UTC 2026
[SP][INFO][NONE]   ...
[SP][INFO][NONE]   Validating certificate chain (3 certificates):
[SP][INFO][NONE]     [0] C=BE,O=Parking System,CN=ServiceProvider
[SP][INFO][NONE]         Issuer: CN=172.20.0.10,O=Private Parking,C=BE
[SP][INFO][NONE]         ...
[SP][INFO][NONE]     [1] CN=172.20.0.10,O=Private Parking,C=BE
[SP][INFO][NONE]         Issuer: CN=Root CA,O=National Authority,C=Country Code
[SP][INFO][NONE]         ...
[SP][INFO][NONE]     [2] CN=Root CA,O=National Authority,C=Country Code
[SP][INFO][NONE]         Issuer: CN=Root CA,O=National Authority,C=Country Code
[SP][INFO][NONE]   ✓ Chain terminates at trusted Root CA: root_ca
[SP][INFO][NONE]   ...
[SP][INFO][NONE] ...
[SP][INFO][NONE] 
Step 5: Storing certificate and private key securely...
[SP][INFO][NONE] Storing certificate chain with 3 certificate(s)
[SP][INFO][NONE]   [0] C=BE,O=Parking System,CN=ServiceProvider
[SP][INFO][NONE]   [1] CN=172.20.0.10,O=Private Parking,C=BE
[SP][INFO][NONE]   [2] CN=Root CA,O=National Authority,C=Country Code
[SP][INFO][NONE] ✓ Credentials stored in ./keystore/sp_keystore.p12
[SP][INFO][NONE] 
╔═══════════════════════════════════════════╗
[SP][INFO][NONE] ║   CRYPTOGRAPHIC IDENTITY ESTABLISHED     ║
[SP][INFO][NONE] ╚═══════════════════════════════════════════╝
[SP][INFO][NONE] Subject: C=BE,O=Parking System,CN=ServiceProvider
[SP][INFO][NONE] Issuer: CN=172.20.0.10,O=Private Parking,C=BE
[SP][INFO][NONE] Valid from: Wed Dec 24 22:12:42 UTC 2025
[SP][INFO][NONE] Valid until: Thu Dec 24 22:13:42 UTC 2026
[SP][INFO][NONE] Serial: 400D5EC991D3A4CA39691D8CAE670D62
[SP][INFO][NONE] ✓ Certificate and private key verified

[SP][INFO][NONE] === Starting SP Server ===
[SP][INFO][NONE] 
=== SP CRYPTOGRAPHIC BASELINE ESTABLISHED ===
[SP][INFO][NONE] Version: 2025-12-22 (Hardened TLS with mTLS enforcement)
[SP][INFO][NONE] ✓ Enabled TLS protocols: [TLSv1.3, TLSv1.2]
[SP][INFO][NONE] ✓ Strong cipher suites configured: 9 suites
[SP][INFO][NONE]  Mutual TLS (mTLS) REQUIRED - client certificates enforced
[SP][INFO][NONE] 
=== TLS Server Configuration ===
[SP][INFO][NONE] Server listening on port: 8444
[SP][INFO][NONE] Server certificate subject: C=BE,O=Parking System,CN=ServiceProvider
[SP][INFO][NONE] Server certificate issuer: CN=172.20.0.10,O=Private Parking,C=BE
[SP][INFO][NONE] Certificate serial: 400D5EC991D3A4CA39691D8CAE670D62
[SP][INFO][NONE] Certificate algorithm: SHA256withRSA
[SP][INFO][NONE] Public key algorithm: RSA
[SP][INFO][NONE] RSA key size: 2048 bits
[SP][INFO][NONE] mTLS enforcement: ENABLED (client certificates REQUIRED)
[SP][INFO][NONE] 
...
[SP][INFO][NONE] SP server ready | Port=8444
[SP][AUDIT][NONE] Client authenticated | CN=HomeOwner | Fingerprint=3E37713060E831A2...
[SP][INFO][NONE] 
=== Publishing Parking Availability from HomeOwner ===
[SP][INFO][NONE]   Home Owner: HO-001
[SP][INFO][NONE]   Spot ID: SPOT-A1
[SP][INFO][NONE]   Valid: 2025-12-24T22:13:45.562387240Z to 2025-12-25T06:13:45.562387240Z
[SP][INFO][NONE]   Price: 5 tokens
[SP][INFO][NONE]   Location: Downtown-North
[SP][INFO][NONE] ✓ Availability stored with ID: 5e6ed5f6-a38d-406f-93a0-d87229cc32ae
[SP][INFO][NONE] ✓ Total availabilities in system: 1
[SP][INFO][NONE] ══════════════════════════════════════════════════
[SP][INFO][NONE] 
HomeOwner disconnected
[SP][AUDIT][NONE] Client authenticated | CN=CarOwner | Fingerprint=4484CA66854FF61B...
[SP][INFO][NONE] 
=== Availability Discovery Request from CarOwner ===
[SP][INFO][NONE]   Total availabilities in system: 1
[SP][INFO][NONE]   [5e6ed5f6-a38d-406f-93a0-d87229cc32ae] SPOT-A1 - 5 tokens (HO: HomeOwner)
[SP][INFO][NONE] ✓ Returned 1 availability record(s) to CarOwner
[SP][INFO][NONE] ══════════════════════════════════════════════════
[SP][INFO][NONE] 
CarOwner disconnected
[SP][AUDIT][NONE] Client authenticated | CN=CarOwner | Fingerprint=4484CA66854FF61B...
[SP][INFO][NONE] 
=== Generating 5 payment tokens for CarOwner ===
[SP][INFO][NONE] ✓ Generated secret s (32 bytes)
[SP][INFO][NONE] ✓ Generated hash chain of length 5
[SP][INFO][NONE]   Root H^5(s): E43D8C069B0E9E7F...
[SP][INFO][NONE] ✓ Signed root with SP private key (256 bytes)
[SP][INFO][NONE] ✓ Stored chain metadata (ID: c24c7490-03d8-4fc1-993a-573ba2157455)
[SP][INFO][NONE] ✓ Token batch ready to send to CarOwner
[SP][INFO][NONE] ══════════════════════════════════════════════════
[SP][INFO][NONE] 
CarOwner disconnected
[SP][AUDIT][NONE] Client authenticated | CN=HomeOwner | Fingerprint=3E37713060E831A2...
[SP][INFO][NONE] [SETTLE] ═══════════════════════════════════════════════════
[SP][INFO][NONE] [SETTLE] Settlement Request Received from HomeOwner
[SP][INFO][NONE] [SETTLE]   chainId: c24c7490-03d8-4fc1-993a-573ba2157455
[SP][INFO][NONE] [SETTLE]   reservationId: bb5dec74-2100-4d28-ac66-7a9d42964fa2
[SP][INFO][NONE] [SETTLE]   availabilityId: 5e6ed5f6-a38d-406f-93a0-d87229cc32ae
[SP][INFO][NONE] [SETTLE]   y (tokens spent): 5
[SP][INFO][NONE] [SETTLE]   newLastSpentIndex: 5
[SP][INFO][NONE] [SETTLE]   x (chain length): 5
[SP][INFO][NONE] [SETTLE] ═══════════════════════════════════════════════════
[SP][INFO][NONE] [SETTLE] ✓ Cryptographic proof verified: token hashes to root
[SP][INFO][NONE] [SETTLE]   (hashed 0 times from last spent token to reach root)
[SP][INFO][NONE] [SETTLE] ✓✓✓ SETTLEMENT ACCEPTED ✓✓✓
[SP][INFO][NONE] [SETTLE]   chainId: c24c7490-03d8-4fc1-993a-573ba2157455
[SP][INFO][NONE] [SETTLE]   reservationId: bb5dec74-2100-4d28-ac66-7a9d42964fa2
[SP][INFO][NONE] [SETTLE]   Previous lastSpentIndex: 0
[SP][INFO][NONE] [SETTLE]   Updated lastSpentIndex: 5
[SP][INFO][NONE] [SETTLE]   Tokens consumed: 5
[SP][INFO][NONE] [SETTLE]   Remaining tokens: 0
[SP][INFO][NONE] [AUDIT] SETTLEMENT_ACCEPTED{chainId=c24c7490-03d8-4fc1-993a-573ba2157455, oldIndex=0, newIndex=5, tokensSpent=5, reservationId=bb5dec74-2100-4d28-ac66-7a9d42964fa2}
[SP][INFO][NONE] [SETTLE] ═══════════════════════════════════════════════════
[SP][INFO][NONE] [SETTLE] M3.4: Generating Cryptographically Verifiable Receipt
[SP][INFO][NONE] [SETTLE] ═══════════════════════════════════════════════════
[SP][INFO][NONE] [SETTLE] Canonical Receipt Data:
[SP][INFO][NONE] [SETTLE]   receiptId=ae56998e-4e95-431b-9bbb-97bb72c556c0|chainId=c24c7490-03d8-4fc1-993a-573ba2157455|reservationId=bb5dec74-2100-4d28-ac66-7a9d42964fa2|availabilityId=5e6ed5f6-a38d-406f-93a0-d87229cc32ae|y=5|newLastSpentIndex=5|timestamp=2025-12-24T22:14:00.603749747Z|hoIdentity=HomeOwner
[SP][INFO][NONE] [SETTLE] ✓ Receipt signed with SP private key (RSA-2048)
[SP][INFO][NONE] [SETTLE]   Algorithm: SHA256withRSA
[SP][INFO][NONE] [SETTLE]   Signature length: 256 bytes
[SP][INFO][NONE] [SETTLE] ✓ SP certificate fingerprint: 1178DBB3DCA72FEF5EC30642BA185A84...
[SP][INFO][NONE] [SETTLE] ✓✓✓ PAYMENT RECEIPT GENERATED ✓✓✓
[SP][INFO][NONE] [SETTLE]   Receipt ID: ae56998e-4e95-431b-9bbb-97bb72c556c0
[SP][INFO][NONE] [SETTLE]   Non-repudiation: SP signature binds finality to payment
[SP][INFO][NONE] [SETTLE]   Auditability: Receipt enables offline third-party verification
[SP][INFO][NONE] [AUDIT] RECEIPT_GENERATED{receiptId=ae56998e-4e95-431b-9bbb-97bb72c556c0, chainId=c24c7490-03d8-4fc1-993a-573ba2157455, reservationId=bb5dec74-2100-4d28-ac66-7a9d42964fa2}
[SP][INFO][NONE] 
HomeOwner disconnected
[SP][AUDIT][NONE] Client authenticated | CN=HomeOwner | Fingerprint=3E37713060E831A2...
[SP][INFO][NONE] [SETTLE] ═══════════════════════════════════════════════════
[SP][INFO][NONE] [SETTLE] Settlement Request Received from HomeOwner
[SP][INFO][NONE] [SETTLE]   chainId: c24c7490-03d8-4fc1-993a-573ba2157455
[SP][INFO][NONE] [SETTLE]   reservationId: bb5dec74-2100-4d28-ac66-7a9d42964fa2
[SP][INFO][NONE] [SETTLE]   availabilityId: 5e6ed5f6-a38d-406f-93a0-d87229cc32ae
[SP][INFO][NONE] [SETTLE]   y (tokens spent): 5
[SP][INFO][NONE] [SETTLE]   newLastSpentIndex: 5
[SP][INFO][NONE] [SETTLE]   x (chain length): 5
[SP][INFO][NONE] [SETTLE] ═══════════════════════════════════════════════════
[SP][ERR][NONE] [SETTLE] ❌❌❌ DOUBLE_SPEND_DETECTED ❌❌❌
[SP][ERR][NONE] [SETTLE]   chainId: c24c7490-03d8-4fc1-993a-573ba2157455
[SP][ERR][NONE] [SETTLE]   currentLastSpentIndex: 5
[SP][ERR][NONE] [SETTLE]   attemptedNewIndex: 5
[SP][ERR][NONE] [SETTLE]   reservationId: bb5dec74-2100-4d28-ac66-7a9d42964fa2
[SP][ERR][NONE] [AUDIT] DOUBLE_SPEND_DETECTED{chainId=c24c7490-03d8-4fc1-993a-573ba2157455, oldIndex=5, newIndex=5, reservationId=bb5dec74-2100-4d28-ac66-7a9d42964fa2}
[SP][INFO][NONE] 
HomeOwner disconnected
[SP][AUDIT][NONE] Client authenticated | CN=CarOwner | Fingerprint=4484CA66854FF61B...
[SP][INFO][NONE] 
=== Availability Discovery Request from CarOwner ===
[SP][INFO][NONE]   Total availabilities in system: 1
[SP][INFO][NONE]   [5e6ed5f6-a38d-406f-93a0-d87229cc32ae] SPOT-A1 - 5 tokens (HO: HomeOwner)
[SP][INFO][NONE] ✓ Returned 1 availability record(s) to CarOwner
[SP][INFO][NONE] ══════════════════════════════════════════════════
[SP][INFO][NONE] 
CarOwner disconnected
[SP][AUDIT][NONE] Client authenticated | CN=CarOwner | Fingerprint=4484CA66854FF61B...
[SP][INFO][NONE] 
=== Generating 5 payment tokens for CarOwner ===
[SP][INFO][NONE] ✓ Generated secret s (32 bytes)
[SP][INFO][NONE] ✓ Generated hash chain of length 5
[SP][INFO][NONE]   Root H^5(s): 8A61260DF80BFD1D...
[SP][INFO][NONE] ✓ Signed root with SP private key (256 bytes)
[SP][INFO][NONE] ✓ Stored chain metadata (ID: 42626cb2-31cf-439a-b543-ed15eaa2ac0b)
[SP][INFO][NONE] ✓ Token batch ready to send to CarOwner
[SP][INFO][NONE] ══════════════════════════════════════════════════
[SP][INFO][NONE] 
CarOwner disconnected
